<?xml version="1.0" encoding="UTF-8"?>
<!-- Generated by org.testng.reporters.JUnitReportReporter -->
<testsuite hostname="3K0DYD3" failures="0" tests="1" name="VerifyTitleOnPageTest" time="1.338" errors="0" timestamp="2022-01-05T10:23:51 EET" skipped="0">
  <testcase classname="VerifyTitleOnPageTest" name="verifyPageHeader" time="1.338"/>
  <system-out/>
</testsuite> <!-- VerifyTitleOnPageTest -->
