<?xml version="1.0" encoding="UTF-8"?>
<!-- Generated by org.testng.reporters.JUnitReportReporter -->
<testsuite hostname="3K0DYD3" failures="0" tests="1" name="VerifyIamTravelingForWorkCheckbox" time="1.769" errors="0" timestamp="2022-01-05T10:55:43 EET" skipped="0">
  <testcase classname="VerifyIamTravelingForWorkCheckbox" name="verifyTextOnCheckbox" time="1.769"/>
  <system-out/>
</testsuite> <!-- VerifyIamTravelingForWorkCheckbox -->
