<?xml version="1.0" encoding="UTF-8"?>
<!-- Generated by org.testng.reporters.JUnitReportReporter -->
<testsuite hostname="3K0DYD3" failures="0" tests="2" name="Test1" time="2.901" errors="0" timestamp="2021-12-06T11:54:19 EET" skipped="0">
  <testcase classname="Test1" name="verifyPoshukGoogleButtonEnabled" time="1.021"/>
  <system-out/>
  <testcase classname="Test1" name="verifySearchField" time="1.880"/>
  <system-out/>
</testsuite> <!-- Test1 -->
