<?xml version="1.0" encoding="UTF-8"?>
<!-- Generated by org.testng.reporters.JUnitReportReporter -->
<testsuite hostname="3K0DYD3" failures="0" tests="1" name="Test2" time="0.997" errors="0" timestamp="2021-12-06T11:54:19 EET" skipped="0">
  <testcase classname="Test2" name="verifyPoshukGoogleButtonEnabled" time="0.997"/>
  <system-out/>
</testsuite> <!-- Test2 -->
