<?xml version="1.0" encoding="UTF-8"?>
<!-- Generated by org.testng.reporters.JUnitReportReporter -->
<testsuite hostname="3K0DYD3" failures="0" tests="1" name="VerifyDestinationSearchFieldWorks" time="5.503" errors="0" timestamp="2021-12-21T14:23:39 EET" skipped="0">
  <testcase classname="VerifyDestinationSearchFieldWorks" name="verifyDestinationSearchFieldWorks" time="5.503"/>
  <system-out/>
</testsuite> <!-- VerifyDestinationSearchFieldWorks -->
