<?xml version="1.0" encoding="UTF-8"?>
<!-- Generated by org.testng.reporters.JUnitReportReporter -->
<testsuite hostname="3K0DYD3" failures="0" tests="1" name="VerifySuggestedDestinationsTableIsVisible" time="1.633" errors="0" timestamp="2021-12-21T13:39:09 EET" skipped="0">
  <testcase classname="VerifySuggestedDestinationsTableIsVisible" name="verifySuggestedDestinationsTableIsVisible" time="1.633"/>
  <system-out/>
</testsuite> <!-- VerifySuggestedDestinationsTableIsVisible -->
