<?xml version="1.0" encoding="UTF-8"?>
<!-- Generated by org.testng.reporters.JUnitReportReporter -->
<testsuite hostname="3K0DYD3" failures="0" tests="2" name="Test1" time="2.521" errors="0" timestamp="2021-12-06T14:19:33 EET" skipped="0">
  <testcase classname="Test1" name="verifyPoshukGoogleButtonEnabled" time="0.930"/>
  <system-out/>
  <testcase classname="Test1" name="verifySearchField" time="1.591"/>
  <system-out/>
</testsuite> <!-- Test1 -->
