<?xml version="1.0" encoding="UTF-8"?>
<!-- Generated by org.testng.reporters.JUnitReportReporter -->
<testsuite hostname="3K0DYD3" failures="0" tests="1" name="VerifyRegisterButton" time="2.760" errors="0" timestamp="2022-01-05T10:23:51 EET" skipped="0">
  <testcase classname="VerifyRegisterButton" name="verifyRegisterButton" time="2.760"/>
  <system-out/>
</testsuite> <!-- VerifyRegisterButton -->
