<?xml version="1.0" encoding="UTF-8"?>
<!-- Generated by org.testng.reporters.JUnitReportReporter -->
<testsuite hostname="3K0DYD3" failures="0" tests="1" name="Test1" time="1.862" errors="0" timestamp="2021-12-16T11:14:57 EET" skipped="0">
  <testcase classname="Test1" name="verifySearchField" time="1.862"/>
  <system-out/>
</testsuite> <!-- Test1 -->
