<?xml version="1.0" encoding="UTF-8"?>
<!-- Generated by org.testng.reporters.JUnitReportReporter -->
<testsuite hostname="3K0DYD3" failures="0" tests="1" name="VerifyDestinationSearchFieldWorks" time="4.668" errors="0" timestamp="2021-12-21T13:39:09 EET" skipped="0">
  <testcase classname="VerifyDestinationSearchFieldWorks" name="verifyDestinationSearchFieldWorks" time="4.668"/>
  <system-out/>
</testsuite> <!-- VerifyDestinationSearchFieldWorks -->
