<?xml version="1.0" encoding="UTF-8"?>
<!-- Generated by org.testng.reporters.JUnitReportReporter -->
<testsuite hostname="3K0DYD3" failures="0" tests="1" name="Test2" time="1.368" errors="0" timestamp="2021-12-06T14:19:33 EET" skipped="0">
  <testcase classname="Test2" name="verifyPoshukGoogleButtonEnabled" time="1.368"/>
  <system-out/>
</testsuite> <!-- Test2 -->
