<?xml version="1.0" encoding="UTF-8"?>
<!-- Generated by org.testng.reporters.JUnitReportReporter -->
<testsuite hostname="3K0DYD3" failures="0" tests="1" name="VerifySuggestedDestinationsTableIsVisible" time="1.678" errors="0" timestamp="2022-01-05T10:23:51 EET" skipped="0">
  <testcase classname="VerifySuggestedDestinationsTableIsVisible" name="verifySuggestedDestinationsTableIsVisible" time="1.678"/>
  <system-out/>
</testsuite> <!-- VerifySuggestedDestinationsTableIsVisible -->
